#
# A fatal error has been detected by the Java Runtime Environment:
#
#  Internal Error (javaClasses.cpp:136), pid=4060, tid=10156
#  fatal error: Invalid layout of preloaded class
#
# JRE version:  (7.0_45-b18) (build )
# Java VM: Java HotSpot(TM) Client VM (24.45-b08 mixed mode windows-x86 )
# Failed to write core dump. Minidumps are not enabled by default on client versions of Windows
#
# If you would like to submit a bug report, please visit:
#   http://bugreport.sun.com/bugreport/crash.jsp
#

---------------  T H R E A D  ---------------

Current thread (0x0078c800):  JavaThread "Unknown thread" [_thread_in_vm, id=10156, stack(0x006b0000,0x00700000)]

Stack: [0x006b0000,0x00700000],  sp=0x006ff338,  free space=316k
Native frames: (J=compiled Java code, j=interpreted, Vv=VM code, C=native code)
V  [jvm.dll+0x18df51]
V  [jvm.dll+0x187cc6]
V  [jvm.dll+0x3586a]
V  [jvm.dll+0x358f6]
V  [jvm.dll+0x4400d]
V  [jvm.dll+0x442be]
V  [jvm.dll+0x9263a]
V  [jvm.dll+0x929eb]
V  [jvm.dll+0x13daf1]
V  [jvm.dll+0x1605fc]
V  [jvm.dll+0xc8ebf]
C  [javaw.exe+0x13ce]
C  [javaw.exe+0x1e40]
C  [javaw.exe+0xa5b1]
C  [javaw.exe+0xa63b]
C  [KERNEL32.DLL+0x138f4]
C  [ntdll.dll+0x65de3]
C  [ntdll.dll+0x65dae]


---------------  P R O C E S S  ---------------

Java Threads: ( => current thread )

Other Threads:

=>0x0078c800 (exited) JavaThread "Unknown thread" [_thread_in_vm, id=10156, stack(0x006b0000,0x00700000)]

VM state:not at safepoint (not fully initialized)

VM Mutex/Monitor currently owned by a thread: None

GC Heap History (0 events):
No events

Deoptimization events (0 events):
No events

Internal exceptions (0 events):
No events

Events (10 events):
Event: 0.006 loading class 0x01ffb9e8 done
Event: 0.006 loading class 0x01ffb478 done
Event: 0.006 loading class 0x01ffb458
Event: 0.006 loading class 0x020027b0
Event: 0.006 loading class 0x020027b0 done
Event: 0.006 loading class 0x020027e0
Event: 0.006 loading class 0x020027e0 done
Event: 0.006 loading class 0x02002810
Event: 0.006 loading class 0x02002810 done
Event: 0.006 loading class 0x01ffb458 done


Dynamic libraries:
0x002f0000 - 0x0031f000 	D:\myEclipse\binary\com.sun.java.jdk7.win32.x86_1.7.0.u45\bin\javaw.exe
0x77560000 - 0x776db000 	C:\Windows\SYSTEM32\ntdll.dll
0x742b0000 - 0x74390000 	C:\Windows\SYSTEM32\KERNEL32.DLL
0x75440000 - 0x755be000 	C:\Windows\SYSTEM32\KERNELBASE.dll
0x74b20000 - 0x74b9b000 	C:\Windows\SYSTEM32\ADVAPI32.dll
0x75060000 - 0x7511e000 	C:\Windows\SYSTEM32\msvcrt.dll
0x75b20000 - 0x75b64000 	C:\Windows\SYSTEM32\sechost.dll
0x75130000 - 0x751dd000 	C:\Windows\SYSTEM32\RPCRT4.dll
0x74290000 - 0x742ae000 	C:\Windows\SYSTEM32\SspiCli.dll
0x74280000 - 0x7428a000 	C:\Windows\SYSTEM32\CRYPTBASE.dll
0x755c0000 - 0x75618000 	C:\Windows\SYSTEM32\bcryptPrimitives.dll
0x751e0000 - 0x75327000 	C:\Windows\SYSTEM32\USER32.dll
0x74560000 - 0x746af000 	C:\Windows\SYSTEM32\GDI32.dll
0x71a90000 - 0x71c9f000 	C:\Windows\WinSxS\x86_microsoft.windows.common-controls_6595b64144ccf1df_6.0.10586.0_none_d3c2e4e965da4528\COMCTL32.dll
0x74e40000 - 0x74ffd000 	C:\Windows\SYSTEM32\combase.dll
0x76f70000 - 0x76f9b000 	C:\Windows\SYSTEM32\IMM32.DLL
0x783d0000 - 0x7848f000 	D:\myEclipse\binary\com.sun.java.jdk7.win32.x86_1.7.0.u45\jre\bin\msvcr100.dll
0x6e440000 - 0x6e7c0000 	D:\myEclipse\binary\com.sun.java.jdk7.win32.x86_1.7.0.u45\jre\bin\client\jvm.dll
0x74b10000 - 0x74b16000 	C:\Windows\SYSTEM32\PSAPI.DLL
0x71a80000 - 0x71a88000 	C:\Windows\SYSTEM32\WSOCK32.dll
0x73c80000 - 0x73ca4000 	C:\Windows\SYSTEM32\WINMM.dll
0x77500000 - 0x7755f000 	C:\Windows\SYSTEM32\WS2_32.dll
0x00630000 - 0x00653000 	C:\Windows\SYSTEM32\WINMMBASE.dll
0x77430000 - 0x77467000 	C:\Windows\SYSTEM32\cfgmgr32.dll
0x54b80000 - 0x54b8c000 	D:\myEclipse\binary\com.sun.java.jdk7.win32.x86_1.7.0.u45\jre\bin\verify.dll
0x54b60000 - 0x54b80000 	D:\myEclipse\binary\com.sun.java.jdk7.win32.x86_1.7.0.u45\jre\bin\java.dll
0x54b40000 - 0x54b53000 	D:\myEclipse\binary\com.sun.java.jdk7.win32.x86_1.7.0.u45\jre\bin\zip.dll
0x73330000 - 0x7346f000 	C:\Windows\SYSTEM32\dbghelp.dll

VM Arguments:
jvm_args: -Dfile.encoding=GBK -Xbootclasspath:D:\Android\SDK\platforms\android-23\android.jar 
java_command: org.eclipse.jdt.internal.junit.runner.RemoteTestRunner -version 3 -port 20542 -testLoaderClass org.eclipse.jdt.internal.junit4.runner.JUnit4TestLoader -loaderpluginname org.eclipse.jdt.junit4.runtime -classNames com.xxxxx.ac.ENTITY.Entity_Login
Launcher Type: SUN_STANDARD

Environment Variables:
JAVA_HOME=C:\Program Files\Java\jdk1.8.0_25
PATH=D:/myEclipse/binary/com.sun.java.jdk7.win32.x86_1.7.0.u45/jre/bin/client;D:/myEclipse/binary/com.sun.java.jdk7.win32.x86_1.7.0.u45/jre/bin;D:/myEclipse/binary/com.sun.java.jdk7.win32.x86_1.7.0.u45/jre/lib/i386;C:\ProgramData\Oracle\Java\javapath;C:\Windows\system32;C:\Windows;C:\Windows\System32\Wbem;C:\Windows\System32\WindowsPowerShell\v1.0\;C:\Program Files (x86)\NVIDIA Corporation\PhysX\Common;C:\Program Files\Git\cmd;C:\Program Files\Git\mingw64\bin;C:\Program Files\Git\usr\bin;C:\Windows\system32\config\systemprofile\.dnx\bin;C:\Program Files\Microsoft DNX\Dnvm\;C:\Program Files\Microsoft SQL Server\120\Tools\Binn\;D:\GreenSoftware\apache-maven-3.3.9\bin;H:\∞Ÿ∂»‘∆\Android
USERNAME=I_I
OS=Windows_NT
PROCESSOR_IDENTIFIER=Intel64 Family 6 Model 60 Stepping 3, GenuineIntel



---------------  S Y S T E M  ---------------

OS: Windows 8 , 64 bit Build 9200 

CPU:total 8 (4 cores per cpu, 2 threads per core) family 6 model 60 stepping 3, cmov, cx8, fxsr, mmx, sse, sse2, sse3, ssse3, sse4.1, sse4.2, popcnt, avx, avx2, aes, erms, ht, tsc, tscinvbit

Memory: 4k page, physical 8351072k(3852460k free), swap 10710368k(4106404k free)

vm_info: Java HotSpot(TM) Client VM (24.45-b08) for windows-x86 JRE (1.7.0_45-b18), built on Oct  8 2013 06:02:43 by "java_re" with unknown MS VC++:1600

time: Sat Apr 23 21:28:02 2016
elapsed time: 0 seconds

