#
# A fatal error has been detected by the Java Runtime Environment:
#
#  Internal Error (javaClasses.cpp:136), pid=3300, tid=14016
#  fatal error: Invalid layout of preloaded class
#
# JRE version:  (7.0_45-b18) (build )
# Java VM: Java HotSpot(TM) Client VM (24.45-b08 mixed mode windows-x86 )
# Failed to write core dump. Minidumps are not enabled by default on client versions of Windows
#
# If you would like to submit a bug report, please visit:
#   http://bugreport.sun.com/bugreport/crash.jsp
#

---------------  T H R E A D  ---------------

Current thread (0x024cc800):  JavaThread "Unknown thread" [_thread_in_vm, id=14016, stack(0x01ee0000,0x01f30000)]

Stack: [0x01ee0000,0x01f30000],  sp=0x01f2fa94,  free space=318k
Native frames: (J=compiled Java code, j=interpreted, Vv=VM code, C=native code)
V  [jvm.dll+0x18df51]
V  [jvm.dll+0x187cc6]
V  [jvm.dll+0x3586a]
V  [jvm.dll+0x358f6]
V  [jvm.dll+0x4400d]
V  [jvm.dll+0x442be]
V  [jvm.dll+0x9263a]
V  [jvm.dll+0x929eb]
V  [jvm.dll+0x13daf1]
V  [jvm.dll+0x1605fc]
V  [jvm.dll+0xc8ebf]
C  [javaw.exe+0x13ce]
C  [javaw.exe+0x1e40]
C  [javaw.exe+0xa5b1]
C  [javaw.exe+0xa63b]
C  [KERNEL32.DLL+0x138f4]
C  [ntdll.dll+0x65de3]
C  [ntdll.dll+0x65dae]


---------------  P R O C E S S  ---------------

Java Threads: ( => current thread )

Other Threads:

=>0x024cc800 (exited) JavaThread "Unknown thread" [_thread_in_vm, id=14016, stack(0x01ee0000,0x01f30000)]

VM state:not at safepoint (not fully initialized)

VM Mutex/Monitor currently owned by a thread: None

GC Heap History (0 events):
No events

Deoptimization events (0 events):
No events

Internal exceptions (0 events):
No events

Events (10 events):
Event: 0.007 loading class 0x022fb9b0 done
Event: 0.007 loading class 0x022fb440 done
Event: 0.007 loading class 0x022fb420
Event: 0.007 loading class 0x02302778
Event: 0.007 loading class 0x02302778 done
Event: 0.007 loading class 0x023027a8
Event: 0.007 loading class 0x023027a8 done
Event: 0.007 loading class 0x023027d8
Event: 0.007 loading class 0x023027d8 done
Event: 0.007 loading class 0x022fb420 done


Dynamic libraries:
0x000f0000 - 0x0011f000 	D:\myEclipse\binary\com.sun.java.jdk7.win32.x86_1.7.0.u45\bin\javaw.exe
0x77550000 - 0x776cb000 	C:\Windows\SYSTEM32\ntdll.dll
0x76a70000 - 0x76b50000 	C:\Windows\SYSTEM32\KERNEL32.DLL
0x75b50000 - 0x75cce000 	C:\Windows\SYSTEM32\KERNELBASE.dll
0x76770000 - 0x767eb000 	C:\Windows\SYSTEM32\ADVAPI32.dll
0x76840000 - 0x768fe000 	C:\Windows\SYSTEM32\msvcrt.dll
0x76510000 - 0x76554000 	C:\Windows\SYSTEM32\sechost.dll
0x76400000 - 0x764ad000 	C:\Windows\SYSTEM32\RPCRT4.dll
0x74280000 - 0x7429e000 	C:\Windows\SYSTEM32\SspiCli.dll
0x74270000 - 0x7427a000 	C:\Windows\SYSTEM32\CRYPTBASE.dll
0x75af0000 - 0x75b48000 	C:\Windows\SYSTEM32\bcryptPrimitives.dll
0x77400000 - 0x77547000 	C:\Windows\SYSTEM32\USER32.dll
0x75760000 - 0x758af000 	C:\Windows\SYSTEM32\GDI32.dll
0x70de0000 - 0x70fef000 	C:\Windows\WinSxS\x86_microsoft.windows.common-controls_6595b64144ccf1df_6.0.10586.0_none_d3c2e4e965da4528\COMCTL32.dll
0x75d70000 - 0x75f2d000 	C:\Windows\SYSTEM32\combase.dll
0x76740000 - 0x7676b000 	C:\Windows\SYSTEM32\IMM32.DLL
0x782e0000 - 0x7839f000 	D:\myEclipse\binary\com.sun.java.jdk7.win32.x86_1.7.0.u45\jre\bin\msvcr100.dll
0x6e3e0000 - 0x6e760000 	D:\myEclipse\binary\com.sun.java.jdk7.win32.x86_1.7.0.u45\jre\bin\client\jvm.dll
0x758b0000 - 0x758b6000 	C:\Windows\SYSTEM32\PSAPI.DLL
0x73ca0000 - 0x73cc4000 	C:\Windows\SYSTEM32\WINMM.dll
0x678c0000 - 0x678c8000 	C:\Windows\SYSTEM32\WSOCK32.dll
0x764b0000 - 0x7650f000 	C:\Windows\SYSTEM32\WS2_32.dll
0x00730000 - 0x00753000 	C:\Windows\SYSTEM32\WINMMBASE.dll
0x76800000 - 0x76837000 	C:\Windows\SYSTEM32\cfgmgr32.dll
0x50010000 - 0x5001c000 	D:\myEclipse\binary\com.sun.java.jdk7.win32.x86_1.7.0.u45\jre\bin\verify.dll
0x6c730000 - 0x6c750000 	D:\myEclipse\binary\com.sun.java.jdk7.win32.x86_1.7.0.u45\jre\bin\java.dll
0x6e170000 - 0x6e183000 	D:\myEclipse\binary\com.sun.java.jdk7.win32.x86_1.7.0.u45\jre\bin\zip.dll
0x72e90000 - 0x72fcf000 	C:\Windows\SYSTEM32\dbghelp.dll

VM Arguments:
jvm_args: -Dfile.encoding=GBK -Xbootclasspath:D:\Android\SDK\platforms\android-23\android.jar 
java_command: org.eclipse.jdt.internal.junit.runner.RemoteTestRunner -version 3 -port 60630 -testLoaderClass org.eclipse.jdt.internal.junit4.runner.JUnit4TestLoader -loaderpluginname org.eclipse.jdt.junit4.runtime -classNames com.xxxxx.ac.Tools.Tester
Launcher Type: SUN_STANDARD

Environment Variables:
JAVA_HOME=C:\Program Files\Java\jdk1.8.0_25
PATH=D:/myEclipse/binary/com.sun.java.jdk7.win32.x86_1.7.0.u45/jre/bin/client;D:/myEclipse/binary/com.sun.java.jdk7.win32.x86_1.7.0.u45/jre/bin;D:/myEclipse/binary/com.sun.java.jdk7.win32.x86_1.7.0.u45/jre/lib/i386;C:\ProgramData\Oracle\Java\javapath;C:\Windows\system32;C:\Windows;C:\Windows\System32\Wbem;C:\Windows\System32\WindowsPowerShell\v1.0\;C:\Program Files (x86)\NVIDIA Corporation\PhysX\Common;C:\Program Files\Git\cmd;C:\Program Files\Git\mingw64\bin;C:\Program Files\Git\usr\bin;USERPROFILE\.dnx\bin;C:\Program Files\Microsoft DNX\Dnvm\;C:\Program Files\Microsoft SQL Server\120\Tools\Binn\;MAVEN_HOME\bin;H:\∞Ÿ∂»‘∆\Android;C:\Program Files\TortoiseSVN\bin;C:\Android
USERNAME=I_I
OS=Windows_NT
PROCESSOR_IDENTIFIER=Intel64 Family 6 Model 60 Stepping 3, GenuineIntel



---------------  S Y S T E M  ---------------

OS: Windows 8 , 64 bit Build 9200 

CPU:total 8 (4 cores per cpu, 2 threads per core) family 6 model 60 stepping 3, cmov, cx8, fxsr, mmx, sse, sse2, sse3, ssse3, sse4.1, sse4.2, popcnt, avx, avx2, aes, erms, ht, tsc, tscinvbit

Memory: 4k page, physical 8351072k(3555288k free), swap 9792864k(1432348k free)

vm_info: Java HotSpot(TM) Client VM (24.45-b08) for windows-x86 JRE (1.7.0_45-b18), built on Oct  8 2013 06:02:43 by "java_re" with unknown MS VC++:1600

time: Mon May 23 11:30:03 2016
elapsed time: 0 seconds

